<?xml version="1.0" encoding="UTF-8"?>
<!-- Generated by org.testng.reporters.JUnitXMLReporter -->
<testsuite ignored="0" hostname="Sarath" failures="0" tests="12" name="Surefire test" time="94.979" errors="0" timestamp="2024-11-12T18:34:43 IST">
  <testcase classname="testCases.TestCases" name="TC_PP_001" time="0.966"/>
  <testcase classname="testCases.TestCases" name="TC_PP_002" time="1.037"/>
  <testcase classname="testCases.TestCases" name="TC_PP_003" time="1.094"/>
  <testcase classname="testCases.TestCases" name="TC_PP_004" time="2.594"/>
  <testcase classname="testCases.TestCases" name="TC_PP_004" time="2.956"/>
  <testcase classname="testCases.TestCases" name="TC_PP_004" time="2.991"/>
  <testcase classname="testCases.TestCases" name="TC_PP_005" time="1.116"/>
  <testcase classname="testCases.TestCases" name="TC_PP_006" time="0.946"/>
  <testcase classname="testCases.TestCases" name="TC_PP_007" time="1.765"/>
  <testcase classname="testCases.TestCases" name="TC_PP_008" time="12.41"/>
  <testcase classname="testCases.TestCases" name="TC_PP_009" time="1.888"/>
  <testcase classname="testCases.TestCases" name="TC_PP_010" time="0.592"/>
</testsuite> <!-- Surefire test -->
