<?xml version="1.0" encoding="UTF-8"?>
<testng-results ignored="0" total="12" passed="12" failed="0" skipped="0">
  <reporter-output>
  </reporter-output>
  <suite started-at="2024-11-12T18:28:11 IST" name="Default suite" finished-at="2024-11-12T18:29:45 IST" duration-ms="94111">
    <groups>
    </groups>
    <test started-at="2024-11-12T18:28:11 IST" name="Default test" finished-at="2024-11-12T18:29:45 IST" duration-ms="94111">
      <class name="testCases.TestCases">
        <test-method is-config="true" signature="initializeReports()[pri:0, instance:testCases.TestCases@782859e]" started-at="2024-11-12T18:28:11 IST" name="initializeReports" finished-at="2024-11-12T18:28:11 IST" duration-ms="458" status="PASS">
          <reporter-output>
          </reporter-output>
        </test-method> <!-- initializeReports -->
        <test-method is-config="true" signature="setUp()[pri:0, instance:testCases.TestCases@782859e]" started-at="2024-11-12T18:28:11 IST" name="setUp" finished-at="2024-11-12T18:28:18 IST" duration-ms="6292" status="PASS">
          <reporter-output>
          </reporter-output>
        </test-method> <!-- setUp -->
        <test-method signature="TC_PP_001()[pri:1, instance:testCases.TestCases@782859e]" started-at="2024-11-12T18:28:18 IST" name="TC_PP_001" finished-at="2024-11-12T18:28:18 IST" duration-ms="865" status="PASS">
          <reporter-output>
          </reporter-output>
        </test-method> <!-- TC_PP_001 -->
        <test-method is-config="true" signature="tearDown()[pri:0, instance:testCases.TestCases@782859e]" started-at="2024-11-12T18:28:18 IST" name="tearDown" finished-at="2024-11-12T18:28:19 IST" duration-ms="410" status="PASS">
          <reporter-output>
          </reporter-output>
        </test-method> <!-- tearDown -->
        <test-method is-config="true" signature="setUp()[pri:0, instance:testCases.TestCases@782859e]" started-at="2024-11-12T18:28:19 IST" name="setUp" finished-at="2024-11-12T18:28:24 IST" duration-ms="4913" status="PASS">
          <reporter-output>
          </reporter-output>
        </test-method> <!-- setUp -->
        <test-method signature="TC_PP_002()[pri:2, instance:testCases.TestCases@782859e]" started-at="2024-11-12T18:28:24 IST" name="TC_PP_002" finished-at="2024-11-12T18:28:25 IST" duration-ms="905" status="PASS">
          <reporter-output>
          </reporter-output>
        </test-method> <!-- TC_PP_002 -->
        <test-method is-config="true" signature="tearDown()[pri:0, instance:testCases.TestCases@782859e]" started-at="2024-11-12T18:28:25 IST" name="tearDown" finished-at="2024-11-12T18:28:25 IST" duration-ms="192" status="PASS">
          <reporter-output>
          </reporter-output>
        </test-method> <!-- tearDown -->
        <test-method is-config="true" signature="setUp()[pri:0, instance:testCases.TestCases@782859e]" started-at="2024-11-12T18:28:25 IST" name="setUp" finished-at="2024-11-12T18:28:30 IST" duration-ms="4931" status="PASS">
          <reporter-output>
          </reporter-output>
        </test-method> <!-- setUp -->
        <test-method signature="TC_PP_003()[pri:3, instance:testCases.TestCases@782859e]" started-at="2024-11-12T18:28:30 IST" name="TC_PP_003" finished-at="2024-11-12T18:28:31 IST" duration-ms="1040" status="PASS">
          <reporter-output>
          </reporter-output>
        </test-method> <!-- TC_PP_003 -->
        <test-method is-config="true" signature="tearDown()[pri:0, instance:testCases.TestCases@782859e]" started-at="2024-11-12T18:28:31 IST" name="tearDown" finished-at="2024-11-12T18:28:31 IST" duration-ms="447" status="PASS">
          <reporter-output>
          </reporter-output>
        </test-method> <!-- tearDown -->
        <test-method is-config="true" signature="setUp()[pri:0, instance:testCases.TestCases@782859e]" started-at="2024-11-12T18:28:31 IST" name="setUp" finished-at="2024-11-12T18:28:36 IST" duration-ms="4697" status="PASS">
          <reporter-output>
          </reporter-output>
        </test-method> <!-- setUp -->
        <test-method signature="TC_PP_004(java.lang.String,java.lang.String)[pri:4, instance:testCases.TestCases@782859e]" started-at="2024-11-12T18:28:36 IST" name="TC_PP_004" data-provider="formAuthentication" finished-at="2024-11-12T18:28:39 IST" duration-ms="3013" status="PASS">
          <params>
            <param index="0">
              <value>
                <![CDATA[tomsmith]]>
              </value>
            </param>
            <param index="1">
              <value>
                <![CDATA[SuperSecretPassword!]]>
              </value>
            </param>
          </params>
          <reporter-output>
          </reporter-output>
        </test-method> <!-- TC_PP_004 -->
        <test-method is-config="true" signature="tearDown()[pri:0, instance:testCases.TestCases@782859e]" started-at="2024-11-12T18:28:39 IST" name="tearDown" finished-at="2024-11-12T18:28:39 IST" duration-ms="229" status="PASS">
          <reporter-output>
          </reporter-output>
        </test-method> <!-- tearDown -->
        <test-method is-config="true" signature="setUp()[pri:0, instance:testCases.TestCases@782859e]" started-at="2024-11-12T18:28:39 IST" name="setUp" finished-at="2024-11-12T18:28:44 IST" duration-ms="4619" status="PASS">
          <reporter-output>
          </reporter-output>
        </test-method> <!-- setUp -->
        <test-method signature="TC_PP_004(java.lang.String,java.lang.String)[pri:4, instance:testCases.TestCases@782859e]" started-at="2024-11-12T18:28:44 IST" name="TC_PP_004" data-provider="formAuthentication" finished-at="2024-11-12T18:28:47 IST" duration-ms="3562" status="PASS">
          <params>
            <param index="0">
              <value>
                <![CDATA[tomsmith]]>
              </value>
            </param>
            <param index="1">
              <value>
                <![CDATA[Password!]]>
              </value>
            </param>
          </params>
          <reporter-output>
          </reporter-output>
        </test-method> <!-- TC_PP_004 -->
        <test-method is-config="true" signature="tearDown()[pri:0, instance:testCases.TestCases@782859e]" started-at="2024-11-12T18:28:47 IST" name="tearDown" finished-at="2024-11-12T18:28:48 IST" duration-ms="218" status="PASS">
          <reporter-output>
          </reporter-output>
        </test-method> <!-- tearDown -->
        <test-method is-config="true" signature="setUp()[pri:0, instance:testCases.TestCases@782859e]" started-at="2024-11-12T18:28:48 IST" name="setUp" finished-at="2024-11-12T18:28:52 IST" duration-ms="4710" status="PASS">
          <reporter-output>
          </reporter-output>
        </test-method> <!-- setUp -->
        <test-method signature="TC_PP_004(java.lang.String,java.lang.String)[pri:4, instance:testCases.TestCases@782859e]" started-at="2024-11-12T18:28:52 IST" name="TC_PP_004" data-provider="formAuthentication" finished-at="2024-11-12T18:28:55 IST" duration-ms="2971" status="PASS">
          <params>
            <param index="0">
              <value>
                <![CDATA[srinu]]>
              </value>
            </param>
            <param index="1">
              <value>
                <![CDATA[SuperSecretPassword!]]>
              </value>
            </param>
          </params>
          <reporter-output>
          </reporter-output>
        </test-method> <!-- TC_PP_004 -->
        <test-method is-config="true" signature="tearDown()[pri:0, instance:testCases.TestCases@782859e]" started-at="2024-11-12T18:28:55 IST" name="tearDown" finished-at="2024-11-12T18:28:56 IST" duration-ms="196" status="PASS">
          <reporter-output>
          </reporter-output>
        </test-method> <!-- tearDown -->
        <test-method is-config="true" signature="setUp()[pri:0, instance:testCases.TestCases@782859e]" started-at="2024-11-12T18:28:56 IST" name="setUp" finished-at="2024-11-12T18:29:01 IST" duration-ms="5113" status="PASS">
          <reporter-output>
          </reporter-output>
        </test-method> <!-- setUp -->
        <test-method signature="TC_PP_005()[pri:5, instance:testCases.TestCases@782859e]" started-at="2024-11-12T18:29:01 IST" name="TC_PP_005" finished-at="2024-11-12T18:29:02 IST" duration-ms="1226" status="PASS">
          <reporter-output>
          </reporter-output>
        </test-method> <!-- TC_PP_005 -->
        <test-method is-config="true" signature="tearDown()[pri:0, instance:testCases.TestCases@782859e]" started-at="2024-11-12T18:29:02 IST" name="tearDown" finished-at="2024-11-12T18:29:02 IST" duration-ms="306" status="PASS">
          <reporter-output>
          </reporter-output>
        </test-method> <!-- tearDown -->
        <test-method is-config="true" signature="setUp()[pri:0, instance:testCases.TestCases@782859e]" started-at="2024-11-12T18:29:02 IST" name="setUp" finished-at="2024-11-12T18:29:07 IST" duration-ms="4674" status="PASS">
          <reporter-output>
          </reporter-output>
        </test-method> <!-- setUp -->
        <test-method signature="TC_PP_006()[pri:6, instance:testCases.TestCases@782859e]" started-at="2024-11-12T18:29:07 IST" name="TC_PP_006" finished-at="2024-11-12T18:29:08 IST" duration-ms="923" status="PASS">
          <reporter-output>
          </reporter-output>
        </test-method> <!-- TC_PP_006 -->
        <test-method is-config="true" signature="tearDown()[pri:0, instance:testCases.TestCases@782859e]" started-at="2024-11-12T18:29:08 IST" name="tearDown" finished-at="2024-11-12T18:29:08 IST" duration-ms="222" status="PASS">
          <reporter-output>
          </reporter-output>
        </test-method> <!-- tearDown -->
        <test-method is-config="true" signature="setUp()[pri:0, instance:testCases.TestCases@782859e]" started-at="2024-11-12T18:29:08 IST" name="setUp" finished-at="2024-11-12T18:29:12 IST" duration-ms="4385" status="PASS">
          <reporter-output>
          </reporter-output>
        </test-method> <!-- setUp -->
        <test-method signature="TC_PP_007()[pri:7, instance:testCases.TestCases@782859e]" started-at="2024-11-12T18:29:12 IST" name="TC_PP_007" finished-at="2024-11-12T18:29:14 IST" duration-ms="1433" status="PASS">
          <reporter-output>
          </reporter-output>
        </test-method> <!-- TC_PP_007 -->
        <test-method is-config="true" signature="tearDown()[pri:0, instance:testCases.TestCases@782859e]" started-at="2024-11-12T18:29:14 IST" name="tearDown" finished-at="2024-11-12T18:29:14 IST" duration-ms="222" status="PASS">
          <reporter-output>
          </reporter-output>
        </test-method> <!-- tearDown -->
        <test-method is-config="true" signature="setUp()[pri:0, instance:testCases.TestCases@782859e]" started-at="2024-11-12T18:29:14 IST" name="setUp" finished-at="2024-11-12T18:29:19 IST" duration-ms="5043" status="PASS">
          <reporter-output>
          </reporter-output>
        </test-method> <!-- setUp -->
        <test-method signature="TC_PP_008()[pri:8, instance:testCases.TestCases@782859e]" started-at="2024-11-12T18:29:19 IST" name="TC_PP_008" finished-at="2024-11-12T18:29:32 IST" duration-ms="12370" status="PASS">
          <reporter-output>
          </reporter-output>
        </test-method> <!-- TC_PP_008 -->
        <test-method is-config="true" signature="tearDown()[pri:0, instance:testCases.TestCases@782859e]" started-at="2024-11-12T18:29:32 IST" name="tearDown" finished-at="2024-11-12T18:29:32 IST" duration-ms="234" status="PASS">
          <reporter-output>
          </reporter-output>
        </test-method> <!-- tearDown -->
        <test-method is-config="true" signature="setUp()[pri:0, instance:testCases.TestCases@782859e]" started-at="2024-11-12T18:29:32 IST" name="setUp" finished-at="2024-11-12T18:29:37 IST" duration-ms="4853" status="PASS">
          <reporter-output>
          </reporter-output>
        </test-method> <!-- setUp -->
        <test-method signature="TC_PP_009()[pri:9, instance:testCases.TestCases@782859e]" started-at="2024-11-12T18:29:37 IST" name="TC_PP_009" finished-at="2024-11-12T18:29:39 IST" duration-ms="1892" status="PASS">
          <reporter-output>
          </reporter-output>
        </test-method> <!-- TC_PP_009 -->
        <test-method is-config="true" signature="tearDown()[pri:0, instance:testCases.TestCases@782859e]" started-at="2024-11-12T18:29:39 IST" name="tearDown" finished-at="2024-11-12T18:29:39 IST" duration-ms="214" status="PASS">
          <reporter-output>
          </reporter-output>
        </test-method> <!-- tearDown -->
        <test-method is-config="true" signature="setUp()[pri:0, instance:testCases.TestCases@782859e]" started-at="2024-11-12T18:29:39 IST" name="setUp" finished-at="2024-11-12T18:29:43 IST" duration-ms="4410" status="PASS">
          <reporter-output>
          </reporter-output>
        </test-method> <!-- setUp -->
        <test-method signature="TC_PP_010()[pri:10, instance:testCases.TestCases@782859e]" started-at="2024-11-12T18:29:43 IST" name="TC_PP_010" finished-at="2024-11-12T18:29:44 IST" duration-ms="583" status="PASS">
          <reporter-output>
          </reporter-output>
        </test-method> <!-- TC_PP_010 -->
        <test-method is-config="true" signature="tearDown()[pri:0, instance:testCases.TestCases@782859e]" started-at="2024-11-12T18:29:44 IST" name="tearDown" finished-at="2024-11-12T18:29:44 IST" duration-ms="200" status="PASS">
          <reporter-output>
          </reporter-output>
        </test-method> <!-- tearDown -->
        <test-method is-config="true" signature="flushReports()[pri:0, instance:testCases.TestCases@782859e]" started-at="2024-11-12T18:29:44 IST" name="flushReports" finished-at="2024-11-12T18:29:45 IST" duration-ms="968" status="PASS">
          <reporter-output>
          </reporter-output>
        </test-method> <!-- flushReports -->
      </class> <!-- testCases.TestCases -->
    </test> <!-- Default test -->
  </suite> <!-- Default suite -->
</testng-results>
