<?xml version="1.0" encoding="UTF-8"?>
<!-- Generated by org.testng.reporters.JUnitXMLReporter -->
<testsuite ignored="2" hostname="Sarath" failures="0" tests="1" name="Test(failed)(failed)(failed)" time="2.156" errors="0" timestamp="2024-11-11T22:35:23 IST">
  <testcase classname="testCases.TestCase1to3" name="TC_PP_002" time="0.955"/>
  <testcase classname="testCases.TestCase1to3" name="TC_PP_003" time="0.0">
    <ignored/>
  </testcase> <!-- TC_PP_003 -->
  <testcase classname="testCases.TestCase1to3" name="TC_PP_001" time="0.0">
    <ignored/>
  </testcase> <!-- TC_PP_001 -->
</testsuite> <!-- Test(failed)(failed)(failed) -->
