<?xml version="1.0" encoding="UTF-8"?>
<!-- Generated by org.testng.reporters.JUnitXMLReporter -->
<testsuite ignored="2" hostname="Sarath" failures="0" tests="1" name="Default test(failed)" time="1.936" errors="0" timestamp="2024-11-11T22:26:37 IST">
  <testcase classname="testCases.TestCase4to6" name="TC_PP_006" time="0.953"/>
  <testcase classname="testCases.TestCase4to6" name="TC_PP_004" time="0.0">
    <ignored/>
  </testcase> <!-- TC_PP_004 -->
  <testcase classname="testCases.TestCase4to6" name="TC_PP_005" time="0.0">
    <ignored/>
  </testcase> <!-- TC_PP_005 -->
</testsuite> <!-- Default test(failed) -->
