<?xml version="1.0" encoding="UTF-8"?>
<!-- Generated by org.testng.reporters.JUnitXMLReporter -->
<testsuite ignored="0" hostname="Sarath" failures="0" tests="12" name="Default test" time="94.111" errors="0" timestamp="2024-11-12T18:29:45 IST">
  <testcase classname="testCases.TestCases" name="TC_PP_001" time="0.865"/>
  <testcase classname="testCases.TestCases" name="TC_PP_002" time="0.905"/>
  <testcase classname="testCases.TestCases" name="TC_PP_003" time="1.04"/>
  <testcase classname="testCases.TestCases" name="TC_PP_004" time="3.013"/>
  <testcase classname="testCases.TestCases" name="TC_PP_004" time="3.562"/>
  <testcase classname="testCases.TestCases" name="TC_PP_004" time="2.971"/>
  <testcase classname="testCases.TestCases" name="TC_PP_005" time="1.226"/>
  <testcase classname="testCases.TestCases" name="TC_PP_006" time="0.923"/>
  <testcase classname="testCases.TestCases" name="TC_PP_007" time="1.433"/>
  <testcase classname="testCases.TestCases" name="TC_PP_008" time="12.37"/>
  <testcase classname="testCases.TestCases" name="TC_PP_009" time="1.892"/>
  <testcase classname="testCases.TestCases" name="TC_PP_010" time="0.583"/>
</testsuite> <!-- Default test -->
