<?xml version="1.0" encoding="UTF-8"?>
<testng-results ignored="0" total="12" passed="12" failed="0" skipped="0">
  <reporter-output>
  </reporter-output>
  <suite started-at="2024-11-12T18:33:08 IST" name="Surefire suite" finished-at="2024-11-12T18:34:43 IST" duration-ms="94979">
    <groups>
    </groups>
    <test started-at="2024-11-12T18:33:08 IST" name="Surefire test" finished-at="2024-11-12T18:34:43 IST" duration-ms="94979">
      <class name="testCases.TestCases">
        <test-method is-config="true" signature="initializeReports()[pri:0, instance:testCases.TestCases@56620197]" started-at="2024-11-12T18:33:08 IST" name="initializeReports" finished-at="2024-11-12T18:33:09 IST" duration-ms="378" status="PASS">
          <reporter-output>
          </reporter-output>
        </test-method> <!-- initializeReports -->
        <test-method is-config="true" signature="setUp()[pri:0, instance:testCases.TestCases@56620197]" started-at="2024-11-12T18:33:09 IST" name="setUp" finished-at="2024-11-12T18:33:15 IST" duration-ms="6428" status="PASS">
          <reporter-output>
          </reporter-output>
        </test-method> <!-- setUp -->
        <test-method signature="TC_PP_001()[pri:1, instance:testCases.TestCases@56620197]" started-at="2024-11-12T18:33:15 IST" name="TC_PP_001" finished-at="2024-11-12T18:33:16 IST" duration-ms="966" status="PASS">
          <reporter-output>
          </reporter-output>
        </test-method> <!-- TC_PP_001 -->
        <test-method is-config="true" signature="tearDown()[pri:0, instance:testCases.TestCases@56620197]" started-at="2024-11-12T18:33:16 IST" name="tearDown" finished-at="2024-11-12T18:33:16 IST" duration-ms="173" status="PASS">
          <reporter-output>
          </reporter-output>
        </test-method> <!-- tearDown -->
        <test-method is-config="true" signature="setUp()[pri:0, instance:testCases.TestCases@56620197]" started-at="2024-11-12T18:33:16 IST" name="setUp" finished-at="2024-11-12T18:33:21 IST" duration-ms="4648" status="PASS">
          <reporter-output>
          </reporter-output>
        </test-method> <!-- setUp -->
        <test-method signature="TC_PP_002()[pri:2, instance:testCases.TestCases@56620197]" started-at="2024-11-12T18:33:21 IST" name="TC_PP_002" finished-at="2024-11-12T18:33:22 IST" duration-ms="1037" status="PASS">
          <reporter-output>
          </reporter-output>
        </test-method> <!-- TC_PP_002 -->
        <test-method is-config="true" signature="tearDown()[pri:0, instance:testCases.TestCases@56620197]" started-at="2024-11-12T18:33:22 IST" name="tearDown" finished-at="2024-11-12T18:33:22 IST" duration-ms="166" status="PASS">
          <reporter-output>
          </reporter-output>
        </test-method> <!-- tearDown -->
        <test-method is-config="true" signature="setUp()[pri:0, instance:testCases.TestCases@56620197]" started-at="2024-11-12T18:33:22 IST" name="setUp" finished-at="2024-11-12T18:33:27 IST" duration-ms="5224" status="PASS">
          <reporter-output>
          </reporter-output>
        </test-method> <!-- setUp -->
        <test-method signature="TC_PP_003()[pri:3, instance:testCases.TestCases@56620197]" started-at="2024-11-12T18:33:27 IST" name="TC_PP_003" finished-at="2024-11-12T18:33:28 IST" duration-ms="1094" status="PASS">
          <reporter-output>
          </reporter-output>
        </test-method> <!-- TC_PP_003 -->
        <test-method is-config="true" signature="tearDown()[pri:0, instance:testCases.TestCases@56620197]" started-at="2024-11-12T18:33:28 IST" name="tearDown" finished-at="2024-11-12T18:33:29 IST" duration-ms="180" status="PASS">
          <reporter-output>
          </reporter-output>
        </test-method> <!-- tearDown -->
        <test-method is-config="true" signature="setUp()[pri:0, instance:testCases.TestCases@56620197]" started-at="2024-11-12T18:33:29 IST" name="setUp" finished-at="2024-11-12T18:33:33 IST" duration-ms="4346" status="PASS">
          <reporter-output>
          </reporter-output>
        </test-method> <!-- setUp -->
        <test-method signature="TC_PP_004(java.lang.String,java.lang.String)[pri:4, instance:testCases.TestCases@56620197]" started-at="2024-11-12T18:33:33 IST" name="TC_PP_004" data-provider="formAuthentication" finished-at="2024-11-12T18:33:36 IST" duration-ms="2594" status="PASS">
          <params>
            <param index="0">
              <value>
                <![CDATA[tomsmith]]>
              </value>
            </param>
            <param index="1">
              <value>
                <![CDATA[SuperSecretPassword!]]>
              </value>
            </param>
          </params>
          <reporter-output>
          </reporter-output>
        </test-method> <!-- TC_PP_004 -->
        <test-method is-config="true" signature="tearDown()[pri:0, instance:testCases.TestCases@56620197]" started-at="2024-11-12T18:33:36 IST" name="tearDown" finished-at="2024-11-12T18:33:36 IST" duration-ms="152" status="PASS">
          <reporter-output>
          </reporter-output>
        </test-method> <!-- tearDown -->
        <test-method is-config="true" signature="setUp()[pri:0, instance:testCases.TestCases@56620197]" started-at="2024-11-12T18:33:36 IST" name="setUp" finished-at="2024-11-12T18:33:41 IST" duration-ms="5648" status="PASS">
          <reporter-output>
          </reporter-output>
        </test-method> <!-- setUp -->
        <test-method signature="TC_PP_004(java.lang.String,java.lang.String)[pri:4, instance:testCases.TestCases@56620197]" started-at="2024-11-12T18:33:41 IST" name="TC_PP_004" data-provider="formAuthentication" finished-at="2024-11-12T18:33:44 IST" duration-ms="2956" status="PASS">
          <params>
            <param index="0">
              <value>
                <![CDATA[tomsmith]]>
              </value>
            </param>
            <param index="1">
              <value>
                <![CDATA[Password!]]>
              </value>
            </param>
          </params>
          <reporter-output>
          </reporter-output>
        </test-method> <!-- TC_PP_004 -->
        <test-method is-config="true" signature="tearDown()[pri:0, instance:testCases.TestCases@56620197]" started-at="2024-11-12T18:33:44 IST" name="tearDown" finished-at="2024-11-12T18:33:44 IST" duration-ms="146" status="PASS">
          <reporter-output>
          </reporter-output>
        </test-method> <!-- tearDown -->
        <test-method is-config="true" signature="setUp()[pri:0, instance:testCases.TestCases@56620197]" started-at="2024-11-12T18:33:44 IST" name="setUp" finished-at="2024-11-12T18:33:50 IST" duration-ms="5668" status="PASS">
          <reporter-output>
          </reporter-output>
        </test-method> <!-- setUp -->
        <test-method signature="TC_PP_004(java.lang.String,java.lang.String)[pri:4, instance:testCases.TestCases@56620197]" started-at="2024-11-12T18:33:50 IST" name="TC_PP_004" data-provider="formAuthentication" finished-at="2024-11-12T18:33:53 IST" duration-ms="2991" status="PASS">
          <params>
            <param index="0">
              <value>
                <![CDATA[srinu]]>
              </value>
            </param>
            <param index="1">
              <value>
                <![CDATA[SuperSecretPassword!]]>
              </value>
            </param>
          </params>
          <reporter-output>
          </reporter-output>
        </test-method> <!-- TC_PP_004 -->
        <test-method is-config="true" signature="tearDown()[pri:0, instance:testCases.TestCases@56620197]" started-at="2024-11-12T18:33:53 IST" name="tearDown" finished-at="2024-11-12T18:33:53 IST" duration-ms="167" status="PASS">
          <reporter-output>
          </reporter-output>
        </test-method> <!-- tearDown -->
        <test-method is-config="true" signature="setUp()[pri:0, instance:testCases.TestCases@56620197]" started-at="2024-11-12T18:33:53 IST" name="setUp" finished-at="2024-11-12T18:33:58 IST" duration-ms="4859" status="PASS">
          <reporter-output>
          </reporter-output>
        </test-method> <!-- setUp -->
        <test-method signature="TC_PP_005()[pri:5, instance:testCases.TestCases@56620197]" started-at="2024-11-12T18:33:58 IST" name="TC_PP_005" finished-at="2024-11-12T18:33:59 IST" duration-ms="1116" status="PASS">
          <reporter-output>
          </reporter-output>
        </test-method> <!-- TC_PP_005 -->
        <test-method is-config="true" signature="tearDown()[pri:0, instance:testCases.TestCases@56620197]" started-at="2024-11-12T18:33:59 IST" name="tearDown" finished-at="2024-11-12T18:33:59 IST" duration-ms="149" status="PASS">
          <reporter-output>
          </reporter-output>
        </test-method> <!-- tearDown -->
        <test-method is-config="true" signature="setUp()[pri:0, instance:testCases.TestCases@56620197]" started-at="2024-11-12T18:33:59 IST" name="setUp" finished-at="2024-11-12T18:34:04 IST" duration-ms="4920" status="PASS">
          <reporter-output>
          </reporter-output>
        </test-method> <!-- setUp -->
        <test-method signature="TC_PP_006()[pri:6, instance:testCases.TestCases@56620197]" started-at="2024-11-12T18:34:04 IST" name="TC_PP_006" finished-at="2024-11-12T18:34:05 IST" duration-ms="946" status="PASS">
          <reporter-output>
          </reporter-output>
        </test-method> <!-- TC_PP_006 -->
        <test-method is-config="true" signature="tearDown()[pri:0, instance:testCases.TestCases@56620197]" started-at="2024-11-12T18:34:05 IST" name="tearDown" finished-at="2024-11-12T18:34:06 IST" duration-ms="226" status="PASS">
          <reporter-output>
          </reporter-output>
        </test-method> <!-- tearDown -->
        <test-method is-config="true" signature="setUp()[pri:0, instance:testCases.TestCases@56620197]" started-at="2024-11-12T18:34:06 IST" name="setUp" finished-at="2024-11-12T18:34:10 IST" duration-ms="4827" status="PASS">
          <reporter-output>
          </reporter-output>
        </test-method> <!-- setUp -->
        <test-method signature="TC_PP_007()[pri:7, instance:testCases.TestCases@56620197]" started-at="2024-11-12T18:34:10 IST" name="TC_PP_007" finished-at="2024-11-12T18:34:12 IST" duration-ms="1765" status="PASS">
          <reporter-output>
          </reporter-output>
        </test-method> <!-- TC_PP_007 -->
        <test-method is-config="true" signature="tearDown()[pri:0, instance:testCases.TestCases@56620197]" started-at="2024-11-12T18:34:12 IST" name="tearDown" finished-at="2024-11-12T18:34:12 IST" duration-ms="157" status="PASS">
          <reporter-output>
          </reporter-output>
        </test-method> <!-- tearDown -->
        <test-method is-config="true" signature="setUp()[pri:0, instance:testCases.TestCases@56620197]" started-at="2024-11-12T18:34:12 IST" name="setUp" finished-at="2024-11-12T18:34:17 IST" duration-ms="4906" status="PASS">
          <reporter-output>
          </reporter-output>
        </test-method> <!-- setUp -->
        <test-method signature="TC_PP_008()[pri:8, instance:testCases.TestCases@56620197]" started-at="2024-11-12T18:34:17 IST" name="TC_PP_008" finished-at="2024-11-12T18:34:30 IST" duration-ms="12410" status="PASS">
          <reporter-output>
          </reporter-output>
        </test-method> <!-- TC_PP_008 -->
        <test-method is-config="true" signature="tearDown()[pri:0, instance:testCases.TestCases@56620197]" started-at="2024-11-12T18:34:30 IST" name="tearDown" finished-at="2024-11-12T18:34:30 IST" duration-ms="205" status="PASS">
          <reporter-output>
          </reporter-output>
        </test-method> <!-- tearDown -->
        <test-method is-config="true" signature="setUp()[pri:0, instance:testCases.TestCases@56620197]" started-at="2024-11-12T18:34:30 IST" name="setUp" finished-at="2024-11-12T18:34:34 IST" duration-ms="4671" status="PASS">
          <reporter-output>
          </reporter-output>
        </test-method> <!-- setUp -->
        <test-method signature="TC_PP_009()[pri:9, instance:testCases.TestCases@56620197]" started-at="2024-11-12T18:34:34 IST" name="TC_PP_009" finished-at="2024-11-12T18:34:36 IST" duration-ms="1888" status="PASS">
          <reporter-output>
          </reporter-output>
        </test-method> <!-- TC_PP_009 -->
        <test-method is-config="true" signature="tearDown()[pri:0, instance:testCases.TestCases@56620197]" started-at="2024-11-12T18:34:36 IST" name="tearDown" finished-at="2024-11-12T18:34:36 IST" duration-ms="143" status="PASS">
          <reporter-output>
          </reporter-output>
        </test-method> <!-- tearDown -->
        <test-method is-config="true" signature="setUp()[pri:0, instance:testCases.TestCases@56620197]" started-at="2024-11-12T18:34:37 IST" name="setUp" finished-at="2024-11-12T18:34:41 IST" duration-ms="4664" status="PASS">
          <reporter-output>
          </reporter-output>
        </test-method> <!-- setUp -->
        <test-method signature="TC_PP_010()[pri:10, instance:testCases.TestCases@56620197]" started-at="2024-11-12T18:34:41 IST" name="TC_PP_010" finished-at="2024-11-12T18:34:42 IST" duration-ms="592" status="PASS">
          <reporter-output>
          </reporter-output>
        </test-method> <!-- TC_PP_010 -->
        <test-method is-config="true" signature="tearDown()[pri:0, instance:testCases.TestCases@56620197]" started-at="2024-11-12T18:34:42 IST" name="tearDown" finished-at="2024-11-12T18:34:42 IST" duration-ms="157" status="PASS">
          <reporter-output>
          </reporter-output>
        </test-method> <!-- tearDown -->
        <test-method is-config="true" signature="flushReports()[pri:0, instance:testCases.TestCases@56620197]" started-at="2024-11-12T18:34:42 IST" name="flushReports" finished-at="2024-11-12T18:34:43 IST" duration-ms="1332" status="PASS">
          <reporter-output>
          </reporter-output>
        </test-method> <!-- flushReports -->
      </class> <!-- testCases.TestCases -->
    </test> <!-- Surefire test -->
  </suite> <!-- Surefire suite -->
</testng-results>
